<?xml version="1.0" encoding="UTF-8"?>
<testsuite name="org.example.SILab2Test" tests="2" skipped="0" failures="0" errors="0" timestamp="2023-05-31T19:40:30" hostname="JUPIER-01" time="0.019">
  <properties/>
  <testcase name="testMultipleConditionMissingInformation()" classname="org.example.SILab2Test" time="0.016"/>
  <testcase name="testEveryBranch()" classname="org.example.SILab2Test" time="0.002"/>
  <system-out><![CDATA[]]></system-out>
  <system-err><![CDATA[]]></system-err>
</testsuite>
